<?xml version="1.0" encoding="UTF-8"?>
<!-- Generated by org.testng.reporters.JUnitReportReporter -->
<testsuite hostname="Admin-PC" name="testscripts.api.TestClassRestAssured" tests="1" failures="0" timestamp="4 Aug 2022 15:49:37 GMT" time="6.938" errors="0">
  <testcase name="assurityApiTest" time="6.938" classname="testscripts.api.TestClassRestAssured"/>
</testsuite> <!-- testscripts.api.TestClassRestAssured -->
